log started: Fri Jun 26 18:05:04 2020

Log file: ./leap.log
>> #
>> # ----- leaprc for loading the general Amber Force field.
>> #       This file is mostly for use with Antechamber
>> #
>> #	load atom type hybridizations
>> #
>> addAtomTypes {
>> 	{ "h1"  "H" "sp3" }
>> 	{ "h2"  "H" "sp3" }
>> 	{ "h3"  "H" "sp3" }
>> 	{ "h4"  "H" "sp3" }
>> 	{ "h5"  "H" "sp3" }
>> 	{ "ha"  "H" "sp3" }
>> 	{ "hc"  "H" "sp3" }
>> 	{ "hn"  "H" "sp3" }
>> 	{ "ho"  "H" "sp3" }
>> 	{ "hp"  "H" "sp3" }
>> 	{ "hs"  "H" "sp3" }
>> 	{ "hw"  "H" "sp3" }
>> 	{ "hx"  "H" "sp3" }
>> 	{ "o"  "O" "sp2" }
>> 	{ "o2"  "O" "sp2" }
>> 	{ "oh"  "O" "sp3" }
>> 	{ "op"  "O" "sp3" }
>> 	{ "oq"  "O" "sp3" }
>> 	{ "os"  "O" "sp3" }
>> 	{ "ow"  "O" "sp3" }
>> 	{ "c"  "C" "sp2" }
>> 	{ "c1"  "C" "sp2" }
>> 	{ "c2"  "C" "sp2" }
>> 	{ "c3"  "C" "sp3" }
>> 	{ "ca"  "C" "sp2" }
>> 	{ "cc"  "C" "sp2" }
>> 	{ "cd"  "C" "sp2" }
>> 	{ "ce"  "C" "sp2" }
>> 	{ "cf"  "C" "sp2" }
>> 	{ "cg"  "C" "sp2" }
>> 	{ "ch"  "C" "sp2" }
>> 	{ "cp"  "C" "sp2" }
>> 	{ "cs"  "C" "sp2" }
>> 	{ "cq"  "C" "sp2" }
>> 	{ "cu"  "C" "sp2" }
>> 	{ "cv"  "C" "sp2" }
>> 	{ "cx"  "C" "sp2" }
>> 	{ "cy"  "C" "sp2" }
>> 	{ "cz"  "C" "sp2" }
>> 	{ "n"   "N" "sp2" }
>> 	{ "n1"  "N" "sp2" }
>> 	{ "n2"  "N" "sp2" }
>> 	{ "n3"  "N" "sp3" }
>> 	{ "n4"  "N" "sp3" }
>> 	{ "n7"  "N" "sp3" }
>> 	{ "n8"  "N" "sp3" }
>> 	{ "n9"  "N" "sp3" }
>> 	{ "na"  "N" "sp2" }
>> 	{ "nb"  "N" "sp2" }
>> 	{ "nc"  "N" "sp2" }
>> 	{ "nd"  "N" "sp2" }
>> 	{ "ne"  "N" "sp2" }
>> 	{ "nf"  "N" "sp2" }
>> 	{ "nh"  "N" "sp2" }
>> 	{ "no"  "N" "sp2" }
>> 	{ "ns"  "N" "sp2" }
>> 	{ "nt"  "N" "sp2" }
>> 	{ "nu"  "N" "sp2" }
>> 	{ "nv"  "N" "sp2" }
>> 	{ "nx"  "N" "sp3" }
>> 	{ "ny"  "N" "sp3" }
>> 	{ "nz"  "N" "sp3" }
>> 	{ "n+"  "N" "sp3" }
>> 	{ "s"   "S" "sp2" }
>> 	{ "s2"   "S" "sp2" }
>> 	{ "s3"   "S" "sp3" }
>> 	{ "s4"   "S" "sp3" }
>> 	{ "s6"   "S" "sp3" }
>> 	{ "sh"   "S" "sp3" }
>> 	{ "sp"   "S" "sp3" }
>> 	{ "sq"   "S" "sp3" }
>> 	{ "ss"   "S" "sp3" }
>> 	{ "sx"   "S" "sp3" }
>> 	{ "sy"   "S" "sp3" }
>> 	{ "p2"   "P" "sp2" }
>> 	{ "p3"   "P" "sp3" }
>> 	{ "p4"   "P" "sp3" }
>> 	{ "p5"   "P" "sp3" }
>> 	{ "pb"   "P" "sp3" }
>> 	{ "pc"   "P" "sp3" }
>> 	{ "pd"   "P" "sp3" }
>> 	{ "pe"   "P" "sp3" }
>> 	{ "pf"   "P" "sp3" }
>> 	{ "px"   "P" "sp3" }
>> 	{ "py"   "P" "sp3" }
>> 	{ "f"   "F" "sp3" }
>> 	{ "cl"  "Cl" "sp3" }
>> 	{ "br"  "Br" "sp3" }
>> 	{ "i"   "I"  "sp3" }
>> }
>> #
>> #	Load the general force field parameter set.
>> #
>> gaff = loadamberparams gaff2.dat
Loading parameters: /mnt/c/amber18/dat/leap/parm/gaff2.dat
Reading title:
AMBER General Force Field for organic molecules (Version 2.11, May 2016)
(UNKNOWN ATOM TYPE: ni)
(UNKNOWN ATOM TYPE: nj)
(UNKNOWN ATOM TYPE: nk)
(UNKNOWN ATOM TYPE: nl)
(UNKNOWN ATOM TYPE: nm)
(UNKNOWN ATOM TYPE: nn)
(UNKNOWN ATOM TYPE: np)
(UNKNOWN ATOM TYPE: nq)
(UNKNOWN ATOM TYPE: n5)
(UNKNOWN ATOM TYPE: n6)
> 
> loadamberprep hPEO.prepi
Loading Prep file: ./hPEO.prepi
Loaded UNIT: hEO
> loadamberprep mPEO.prepi
Loading Prep file: ./mPEO.prepi
Loaded UNIT: mEO
> loadamberprep tPEO.prepi
Loading Prep file: ./tPEO.prepi
Loaded UNIT: tEO
> loadamberprep tEO1.prepi
Loading Prep file: ./tEO1.prepi
Loaded UNIT: tE1
> loadamberprep hPPO1.prepi
Loading Prep file: ./hPPO1.prepi
Loaded UNIT: hP1
> loadamberprep mPPO1.prepi
Loading Prep file: ./mPPO1.prepi
Loaded UNIT: mP1
> loadamberprep mPPO2.prepi
Loading Prep file: ./mPPO2.prepi
Loaded UNIT: mP2
> loadamberprep tPPO1.prepi
Loading Prep file: ./tPPO1.prepi
Loaded UNIT: tP1
> mol = sequence { hEO mEO mEO mEO mEO mEO mEO mEO mEO mEO tE1 } # {hP1 mP1 mP2 mP1 tP1}
Sequence: hEO
Sequence: mEO
Sequence: mEO
Sequence: mEO
Sequence: mEO
Sequence: mEO
Sequence: mEO
Sequence: mEO
Sequence: mEO
Sequence: mEO
Sequence: tE1
> savepdb mol NeatPEO_N_10_0.pdb
Writing pdb file: NeatPEO_N_10_0.pdb
> savemol2 mol NeatPEO_N_10_0.mol2 0
Writing mol2 file: NeatPEO_N_10_0.mol2
> 
> saveamberparm mol NeatPEO_N_10_0.prmtop NeatPEO_N_10_0.inpcrd
Checking Unit.
Building topology.
Building atom parameters.
Building bond parameters.
Building angle parameters.
Building proper torsion parameters.
Building improper torsion parameters.
old PREP-specified impropers:
 total 0 improper torsions applied
 0 improper torsions in old prep form
Building H-Bond parameters.
Incorporating Non-Bonded adjustments.
Not Marking per-residue atom chain types.
Marking per-residue atom chain types.
 (no restraints)
> saveamberparm mol NeatPEO_N_10_0.parm7 NeatPEO_N_10_0.rst7
Checking Unit.
Building topology.
Building atom parameters.
Building bond parameters.
Building angle parameters.
Building proper torsion parameters.
Building improper torsion parameters.
old PREP-specified impropers:
 total 0 improper torsions applied
 0 improper torsions in old prep form
Building H-Bond parameters.
Incorporating Non-Bonded adjustments.
Not Marking per-residue atom chain types.
Marking per-residue atom chain types.
 (no restraints)
 quit
	Quit

Exiting LEaP: Errors = 0; Warnings = 0; Notes = 0.
